\BOOKMARK [0][-]{chapter.1}{\376\377\0001\000\040\000w\000p\000i\000-\0003\0002\000u\0004\000-\000l\000i\000b\000r\000a\000r\000y}{}% 1
\BOOKMARK [1][-]{section.1.1}{\376\377\0001\000.\0001\000\040\000S\000u\000m\000m\000a\000r\000y}{chapter.1}% 2
\BOOKMARK [1][-]{section.1.2}{\376\377\0001\000.\0002\000\040\000I\000n\000s\000t\000a\000l\000l\000i\000n\000g\000\040\000t\000h\000e\000\040\000l\000i\000b\000r\000a\000r\000y\000\040\000\050\000p\000l\000a\000t\000f\000o\000r\000m\000i\000o\000\051}{chapter.1}% 3
\BOOKMARK [1][-]{section.1.3}{\376\377\0001\000.\0003\000\040\000C\000l\000a\000s\000s\000e\000s\000\040\000a\000n\000d\000\040\000f\000u\000n\000c\000t\000i\000o\000n\000s}{chapter.1}% 4
\BOOKMARK [1][-]{section.1.4}{\376\377\0001\000.\0004\000\040\000C\000o\000m\000p\000o\000n\000e\000n\000t\000\040\000l\000i\000b\000r\000a\000r\000i\000e\000s}{chapter.1}% 5
\BOOKMARK [1][-]{section.1.5}{\376\377\0001\000.\0005\000\040\000D\000o\000c\000u\000m\000e\000n\000t\000a\000t\000i\000o\000n}{chapter.1}% 6
\BOOKMARK [1][-]{section.1.6}{\376\377\0001\000.\0006\000\040\000V\000e\000r\000s\000i\000o\000n\000\040\000h\000i\000s\000t\000o\000r\000y}{chapter.1}% 7
\BOOKMARK [0][-]{chapter.2}{\376\377\0002\000\040\000H\000i\000e\000r\000a\000r\000c\000h\000i\000c\000a\000l\000\040\000I\000n\000d\000e\000x}{}% 8
\BOOKMARK [1][-]{section.2.1}{\376\377\0002\000.\0001\000\040\000C\000l\000a\000s\000s\000\040\000H\000i\000e\000r\000a\000r\000c\000h\000y}{chapter.2}% 9
\BOOKMARK [0][-]{chapter.3}{\376\377\0003\000\040\000C\000l\000a\000s\000s\000\040\000I\000n\000d\000e\000x}{}% 10
\BOOKMARK [1][-]{section.3.1}{\376\377\0003\000.\0001\000\040\000C\000l\000a\000s\000s\000\040\000L\000i\000s\000t}{chapter.3}% 11
\BOOKMARK [0][-]{chapter.4}{\376\377\0004\000\040\000F\000i\000l\000e\000\040\000I\000n\000d\000e\000x}{}% 12
\BOOKMARK [1][-]{section.4.1}{\376\377\0004\000.\0001\000\040\000F\000i\000l\000e\000\040\000L\000i\000s\000t}{chapter.4}% 13
\BOOKMARK [0][-]{chapter.5}{\376\377\0005\000\040\000C\000l\000a\000s\000s\000\040\000D\000o\000c\000u\000m\000e\000n\000t\000a\000t\000i\000o\000n}{}% 14
\BOOKMARK [1][-]{section.5.1}{\376\377\0005\000.\0001\000\040\000A\000\040\000C\000l\000a\000s\000s\000\040\000R\000e\000f\000e\000r\000e\000n\000c\000e}{chapter.5}% 15
\BOOKMARK [2][-]{subsection.5.1.1}{\376\377\0005\000.\0001\000.\0001\000\040\000D\000e\000t\000a\000i\000l\000e\000d\000\040\000D\000e\000s\000c\000r\000i\000p\000t\000i\000o\000n}{section.5.1}% 16
\BOOKMARK [1][-]{section.5.2}{\376\377\0005\000.\0002\000\040\000C\000h\000a\000s\000s\000i\000s\000\040\000C\000l\000a\000s\000s\000\040\000R\000e\000f\000e\000r\000e\000n\000c\000e}{chapter.5}% 17
\BOOKMARK [2][-]{subsection.5.2.1}{\376\377\0005\000.\0002\000.\0001\000\040\000D\000e\000t\000a\000i\000l\000e\000d\000\040\000D\000e\000s\000c\000r\000i\000p\000t\000i\000o\000n}{section.5.2}% 18
\BOOKMARK [2][-]{subsection.5.2.2}{\376\377\0005\000.\0002\000.\0002\000\040\000C\000o\000n\000s\000t\000r\000u\000c\000t\000o\000r\000\040\000\046\000\040\000D\000e\000s\000t\000r\000u\000c\000t\000o\000r\000\040\000D\000o\000c\000u\000m\000e\000n\000t\000a\000t\000i\000o\000n}{section.5.2}% 19
\BOOKMARK [3][-]{subsubsection.5.2.2.1}{\376\377\0005\000.\0002\000.\0002\000.\0001\000\040\000C\000h\000a\000s\000s\000i\000s\000\050\000\051}{subsection.5.2.2}% 20
\BOOKMARK [2][-]{subsection.5.2.3}{\376\377\0005\000.\0002\000.\0003\000\040\000M\000e\000m\000b\000e\000r\000\040\000F\000u\000n\000c\000t\000i\000o\000n\000\040\000D\000o\000c\000u\000m\000e\000n\000t\000a\000t\000i\000o\000n}{section.5.2}% 21
\BOOKMARK [3][-]{subsubsection.5.2.3.1}{\376\377\0005\000.\0002\000.\0003\000.\0001\000\040\000c\000h\000e\000c\000k\000M\000o\000t\000i\000o\000n\000C\000o\000m\000p\000l\000e\000t\000e\000\050\000\051}{subsection.5.2.3}% 22
\BOOKMARK [3][-]{subsubsection.5.2.3.2}{\376\377\0005\000.\0002\000.\0003\000.\0002\000\040\000d\000r\000i\000v\000e\000F\000o\000r\000\050\000\051}{subsection.5.2.3}% 23
\BOOKMARK [3][-]{subsubsection.5.2.3.3}{\376\377\0005\000.\0002\000.\0003\000.\0003\000\040\000i\000d\000l\000e\000\050\000\051}{subsection.5.2.3}% 24
\BOOKMARK [3][-]{subsubsection.5.2.3.4}{\376\377\0005\000.\0002\000.\0003\000.\0004\000\040\000i\000n\000i\000t\000\050\000\051}{subsection.5.2.3}% 25
\BOOKMARK [3][-]{subsubsection.5.2.3.5}{\376\377\0005\000.\0002\000.\0003\000.\0005\000\040\000s\000e\000t\000M\000o\000t\000o\000r\000E\000f\000f\000o\000r\000t\000s\000\050\000\051}{subsection.5.2.3}% 26
\BOOKMARK [3][-]{subsubsection.5.2.3.6}{\376\377\0005\000.\0002\000.\0003\000.\0006\000\040\000s\000e\000t\000T\000w\000i\000s\000t\000\050\000\051}{subsection.5.2.3}% 27
\BOOKMARK [3][-]{subsubsection.5.2.3.7}{\376\377\0005\000.\0002\000.\0003\000.\0007\000\040\000s\000e\000t\000W\000h\000e\000e\000l\000S\000p\000e\000e\000d\000s\000\050\000\051}{subsection.5.2.3}% 28
\BOOKMARK [3][-]{subsubsection.5.2.3.8}{\376\377\0005\000.\0002\000.\0003\000.\0008\000\040\000t\000u\000r\000n\000F\000o\000r\000\050\000\051}{subsection.5.2.3}% 29
\BOOKMARK [1][-]{section.5.3}{\376\377\0005\000.\0003\000\040\000I\000R\000D\000e\000c\000o\000d\000e\000r\000\040\000C\000l\000a\000s\000s\000\040\000R\000e\000f\000e\000r\000e\000n\000c\000e}{chapter.5}% 30
\BOOKMARK [1][-]{section.5.4}{\376\377\0005\000.\0004\000\040\000L\000e\000f\000t\000M\000o\000t\000o\000r\000\040\000C\000l\000a\000s\000s\000\040\000R\000e\000f\000e\000r\000e\000n\000c\000e}{chapter.5}% 31
\BOOKMARK [2][-]{subsection.5.4.1}{\376\377\0005\000.\0004\000.\0001\000\040\000D\000e\000t\000a\000i\000l\000e\000d\000\040\000D\000e\000s\000c\000r\000i\000p\000t\000i\000o\000n}{section.5.4}% 32
\BOOKMARK [2][-]{subsection.5.4.2}{\376\377\0005\000.\0004\000.\0002\000\040\000M\000e\000m\000b\000e\000r\000\040\000F\000u\000n\000c\000t\000i\000o\000n\000\040\000D\000o\000c\000u\000m\000e\000n\000t\000a\000t\000i\000o\000n}{section.5.4}% 33
\BOOKMARK [3][-]{subsubsection.5.4.2.1}{\376\377\0005\000.\0004\000.\0002\000.\0001\000\040\000s\000e\000t\000E\000f\000f\000o\000r\000t\000\050\000\051}{subsection.5.4.2}% 34
\BOOKMARK [1][-]{section.5.5}{\376\377\0005\000.\0005\000\040\000L\000S\000M\0006\000\040\000C\000l\000a\000s\000s\000\040\000R\000e\000f\000e\000r\000e\000n\000c\000e}{chapter.5}% 35
\BOOKMARK [1][-]{section.5.6}{\376\377\0005\000.\0006\000\040\000P\000I\000D\000C\000o\000n\000t\000r\000o\000l\000l\000e\000r\000\040\000C\000l\000a\000s\000s\000\040\000R\000e\000f\000e\000r\000e\000n\000c\000e}{chapter.5}% 36
\BOOKMARK [2][-]{subsection.5.6.1}{\376\377\0005\000.\0006\000.\0001\000\040\000M\000e\000m\000b\000e\000r\000\040\000F\000u\000n\000c\000t\000i\000o\000n\000\040\000D\000o\000c\000u\000m\000e\000n\000t\000a\000t\000i\000o\000n}{section.5.6}% 37
\BOOKMARK [3][-]{subsubsection.5.6.1.1}{\376\377\0005\000.\0006\000.\0001\000.\0001\000\040\000c\000a\000l\000c\000E\000f\000f\000o\000r\000t\000\050\000\051}{subsection.5.6.1}% 38
\BOOKMARK [1][-]{section.5.7}{\376\377\0005\000.\0007\000\040\000F\000a\000s\000t\000G\000P\000I\000O\000:\000:\000P\000i\000n\000<\000\040\000p\000i\000n\000\040\000>\000\040\000C\000l\000a\000s\000s\000\040\000T\000e\000m\000p\000l\000a\000t\000e\000\040\000R\000e\000f\000e\000r\000e\000n\000c\000e}{chapter.5}% 39
\BOOKMARK [2][-]{subsection.5.7.1}{\376\377\0005\000.\0007\000.\0001\000\040\000D\000e\000t\000a\000i\000l\000e\000d\000\040\000D\000e\000s\000c\000r\000i\000p\000t\000i\000o\000n}{section.5.7}% 40
\BOOKMARK [2][-]{subsection.5.7.2}{\376\377\0005\000.\0007\000.\0002\000\040\000M\000e\000m\000b\000e\000r\000\040\000F\000u\000n\000c\000t\000i\000o\000n\000\040\000D\000o\000c\000u\000m\000e\000n\000t\000a\000t\000i\000o\000n}{section.5.7}% 41
\BOOKMARK [3][-]{subsubsection.5.7.2.1}{\376\377\0005\000.\0007\000.\0002\000.\0001\000\040\000g\000e\000t\000S\000t\000a\000t\000e\000\050\000\051}{subsection.5.7.2}% 42
\BOOKMARK [3][-]{subsubsection.5.7.2.2}{\376\377\0005\000.\0007\000.\0002\000.\0002\000\040\000i\000s\000I\000n\000p\000u\000t\000H\000i\000g\000h\000\050\000\051}{subsection.5.7.2}% 43
\BOOKMARK [3][-]{subsubsection.5.7.2.3}{\376\377\0005\000.\0007\000.\0002\000.\0003\000\040\000i\000s\000O\000u\000t\000p\000u\000t\000\050\000\051}{subsection.5.7.2}% 44
\BOOKMARK [3][-]{subsubsection.5.7.2.4}{\376\377\0005\000.\0007\000.\0002\000.\0004\000\040\000i\000s\000O\000u\000t\000p\000u\000t\000V\000a\000l\000u\000e\000H\000i\000g\000h\000\050\000\051}{subsection.5.7.2}% 45
\BOOKMARK [3][-]{subsubsection.5.7.2.5}{\376\377\0005\000.\0007\000.\0002\000.\0005\000\040\000s\000e\000t\000O\000u\000t\000p\000u\000t\000\050\000\051}{subsection.5.7.2}% 46
\BOOKMARK [3][-]{subsubsection.5.7.2.6}{\376\377\0005\000.\0007\000.\0002\000.\0006\000\040\000s\000e\000t\000O\000u\000t\000p\000u\000t\000H\000i\000g\000h\000\050\000\051}{subsection.5.7.2}% 47
\BOOKMARK [3][-]{subsubsection.5.7.2.7}{\376\377\0005\000.\0007\000.\0002\000.\0007\000\040\000s\000e\000t\000O\000u\000t\000p\000u\000t\000L\000o\000w\000\050\000\051}{subsection.5.7.2}% 48
\BOOKMARK [3][-]{subsubsection.5.7.2.8}{\376\377\0005\000.\0007\000.\0002\000.\0008\000\040\000s\000e\000t\000O\000u\000t\000p\000u\000t\000V\000a\000l\000u\000e\000\050\000\051}{subsection.5.7.2}% 49
\BOOKMARK [3][-]{subsubsection.5.7.2.9}{\376\377\0005\000.\0007\000.\0002\000.\0009\000\040\000s\000e\000t\000O\000u\000t\000p\000u\000t\000V\000a\000l\000u\000e\000H\000i\000g\000h\000\050\000\051}{subsection.5.7.2}% 50
\BOOKMARK [3][-]{subsubsection.5.7.2.10}{\376\377\0005\000.\0007\000.\0002\000.\0001\0000\000\040\000s\000e\000t\000O\000u\000t\000p\000u\000t\000V\000a\000l\000u\000e\000L\000o\000w\000\050\000\051}{subsection.5.7.2}% 51
\BOOKMARK [3][-]{subsubsection.5.7.2.11}{\376\377\0005\000.\0007\000.\0002\000.\0001\0001\000\040\000s\000e\000t\000O\000u\000t\000p\000u\000t\000V\000a\000l\000u\000e\000T\000o\000g\000g\000l\000e\000\050\000\051}{subsection.5.7.2}% 52
\BOOKMARK [3][-]{subsubsection.5.7.2.12}{\376\377\0005\000.\0007\000.\0002\000.\0001\0002\000\040\000s\000e\000t\000S\000t\000a\000t\000e\000\050\000\051}{subsection.5.7.2}% 53
\BOOKMARK [1][-]{section.5.8}{\376\377\0005\000.\0008\000\040\000F\000a\000s\000t\000G\000P\000I\000O\000:\000:\000P\000i\000n\000L\000o\000a\000n\000<\000\040\000p\000i\000n\000\040\000>\000\040\000C\000l\000a\000s\000s\000\040\000T\000e\000m\000p\000l\000a\000t\000e\000\040\000R\000e\000f\000e\000r\000e\000n\000c\000e}{chapter.5}% 54
\BOOKMARK [2][-]{subsection.5.8.1}{\376\377\0005\000.\0008\000.\0001\000\040\000D\000e\000t\000a\000i\000l\000e\000d\000\040\000D\000e\000s\000c\000r\000i\000p\000t\000i\000o\000n}{section.5.8}% 55
\BOOKMARK [1][-]{section.5.9}{\376\377\0005\000.\0009\000\040\000P\000u\000s\000h\000b\000u\000t\000t\000o\000n\000\040\000C\000l\000a\000s\000s\000\040\000R\000e\000f\000e\000r\000e\000n\000c\000e}{chapter.5}% 56
\BOOKMARK [2][-]{subsection.5.9.1}{\376\377\0005\000.\0009\000.\0001\000\040\000D\000e\000t\000a\000i\000l\000e\000d\000\040\000D\000e\000s\000c\000r\000i\000p\000t\000i\000o\000n}{section.5.9}% 57
\BOOKMARK [2][-]{subsection.5.9.2}{\376\377\0005\000.\0009\000.\0002\000\040\000C\000o\000n\000s\000t\000r\000u\000c\000t\000o\000r\000\040\000\046\000\040\000D\000e\000s\000t\000r\000u\000c\000t\000o\000r\000\040\000D\000o\000c\000u\000m\000e\000n\000t\000a\000t\000i\000o\000n}{section.5.9}% 58
\BOOKMARK [3][-]{subsubsection.5.9.2.1}{\376\377\0005\000.\0009\000.\0002\000.\0001\000\040\000P\000u\000s\000h\000b\000u\000t\000t\000o\000n\000\050\000\051}{subsection.5.9.2}% 59
\BOOKMARK [2][-]{subsection.5.9.3}{\376\377\0005\000.\0009\000.\0003\000\040\000M\000e\000m\000b\000e\000r\000\040\000F\000u\000n\000c\000t\000i\000o\000n\000\040\000D\000o\000c\000u\000m\000e\000n\000t\000a\000t\000i\000o\000n}{section.5.9}% 60
\BOOKMARK [3][-]{subsubsection.5.9.3.1}{\376\377\0005\000.\0009\000.\0003\000.\0001\000\040\000i\000s\000P\000r\000e\000s\000s\000e\000d\000\050\000\051}{subsection.5.9.3}% 61
\BOOKMARK [1][-]{section.5.10}{\376\377\0005\000.\0001\0000\000\040\000P\000u\000s\000h\000b\000u\000t\000t\000o\000n\000B\000a\000s\000e\000\040\000C\000l\000a\000s\000s\000\040\000R\000e\000f\000e\000r\000e\000n\000c\000e}{chapter.5}% 62
\BOOKMARK [2][-]{subsection.5.10.1}{\376\377\0005\000.\0001\0000\000.\0001\000\040\000D\000e\000t\000a\000i\000l\000e\000d\000\040\000D\000e\000s\000c\000r\000i\000p\000t\000i\000o\000n}{section.5.10}% 63
\BOOKMARK [2][-]{subsection.5.10.2}{\376\377\0005\000.\0001\0000\000.\0002\000\040\000M\000e\000m\000b\000e\000r\000\040\000F\000u\000n\000c\000t\000i\000o\000n\000\040\000D\000o\000c\000u\000m\000e\000n\000t\000a\000t\000i\000o\000n}{section.5.10}% 64
\BOOKMARK [3][-]{subsubsection.5.10.2.1}{\376\377\0005\000.\0001\0000\000.\0002\000.\0001\000\040\000g\000e\000t\000S\000i\000n\000g\000l\000e\000D\000e\000b\000o\000u\000n\000c\000e\000d\000P\000r\000e\000s\000s\000\050\000\051}{subsection.5.10.2}% 65
\BOOKMARK [3][-]{subsubsection.5.10.2.2}{\376\377\0005\000.\0001\0000\000.\0002\000.\0002\000\040\000g\000e\000t\000S\000i\000n\000g\000l\000e\000D\000e\000b\000o\000u\000n\000c\000e\000d\000R\000e\000l\000e\000a\000s\000e\000\050\000\051}{subsection.5.10.2}% 66
\BOOKMARK [3][-]{subsubsection.5.10.2.3}{\376\377\0005\000.\0001\0000\000.\0002\000.\0003\000\040\000i\000s\000P\000r\000e\000s\000s\000e\000d\000\050\000\051}{subsection.5.10.2}% 67
\BOOKMARK [3][-]{subsubsection.5.10.2.4}{\376\377\0005\000.\0001\0000\000.\0002\000.\0004\000\040\000w\000a\000i\000t\000F\000o\000r\000B\000u\000t\000t\000o\000n\000\050\000\051}{subsection.5.10.2}% 68
\BOOKMARK [3][-]{subsubsection.5.10.2.5}{\376\377\0005\000.\0001\0000\000.\0002\000.\0005\000\040\000w\000a\000i\000t\000F\000o\000r\000P\000r\000e\000s\000s\000\050\000\051}{subsection.5.10.2}% 69
\BOOKMARK [3][-]{subsubsection.5.10.2.6}{\376\377\0005\000.\0001\0000\000.\0002\000.\0006\000\040\000w\000a\000i\000t\000F\000o\000r\000R\000e\000l\000e\000a\000s\000e\000\050\000\051}{subsection.5.10.2}% 70
\BOOKMARK [1][-]{section.5.11}{\376\377\0005\000.\0001\0001\000\040\000R\000a\000n\000g\000e\000f\000i\000n\000d\000e\000r\000\040\000C\000l\000a\000s\000s\000\040\000R\000e\000f\000e\000r\000e\000n\000c\000e}{chapter.5}% 71
\BOOKMARK [2][-]{subsection.5.11.1}{\376\377\0005\000.\0001\0001\000.\0001\000\040\000D\000e\000t\000a\000i\000l\000e\000d\000\040\000D\000e\000s\000c\000r\000i\000p\000t\000i\000o\000n}{section.5.11}% 72
\BOOKMARK [2][-]{subsection.5.11.2}{\376\377\0005\000.\0001\0001\000.\0002\000\040\000M\000e\000m\000b\000e\000r\000\040\000F\000u\000n\000c\000t\000i\000o\000n\000\040\000D\000o\000c\000u\000m\000e\000n\000t\000a\000t\000i\000o\000n}{section.5.11}% 73
\BOOKMARK [3][-]{subsubsection.5.11.2.1}{\376\377\0005\000.\0001\0001\000.\0002\000.\0001\000\040\000c\000h\000e\000c\000k\000P\000i\000n\000g\000T\000i\000m\000e\000r\000\050\000\051}{subsection.5.11.2}% 74
\BOOKMARK [1][-]{section.5.12}{\376\377\0005\000.\0001\0002\000\040\000R\000i\000g\000h\000t\000M\000o\000t\000o\000r\000\040\000C\000l\000a\000s\000s\000\040\000R\000e\000f\000e\000r\000e\000n\000c\000e}{chapter.5}% 75
\BOOKMARK [2][-]{subsection.5.12.1}{\376\377\0005\000.\0001\0002\000.\0001\000\040\000M\000e\000m\000b\000e\000r\000\040\000F\000u\000n\000c\000t\000i\000o\000n\000\040\000D\000o\000c\000u\000m\000e\000n\000t\000a\000t\000i\000o\000n}{section.5.12}% 76
\BOOKMARK [3][-]{subsubsection.5.12.1.1}{\376\377\0005\000.\0001\0002\000.\0001\000.\0001\000\040\000s\000e\000t\000E\000f\000f\000o\000r\000t\000\050\000\051}{subsection.5.12.1}% 77
\BOOKMARK [1][-]{section.5.13}{\376\377\0005\000.\0001\0003\000\040\000R\000o\000m\000i\0003\0002\000U\0004\000B\000u\000t\000t\000o\000n\000A\000\040\000C\000l\000a\000s\000s\000\040\000R\000e\000f\000e\000r\000e\000n\000c\000e}{chapter.5}% 78
\BOOKMARK [2][-]{subsection.5.13.1}{\376\377\0005\000.\0001\0003\000.\0001\000\040\000D\000e\000t\000a\000i\000l\000e\000d\000\040\000D\000e\000s\000c\000r\000i\000p\000t\000i\000o\000n}{section.5.13}% 79
\BOOKMARK [1][-]{section.5.14}{\376\377\0005\000.\0001\0004\000\040\000R\000o\000m\000i\0003\0002\000U\0004\000B\000u\000t\000t\000o\000n\000B\000\040\000C\000l\000a\000s\000s\000\040\000R\000e\000f\000e\000r\000e\000n\000c\000e}{chapter.5}% 80
\BOOKMARK [2][-]{subsection.5.14.1}{\376\377\0005\000.\0001\0004\000.\0001\000\040\000D\000e\000t\000a\000i\000l\000e\000d\000\040\000D\000e\000s\000c\000r\000i\000p\000t\000i\000o\000n}{section.5.14}% 81
\BOOKMARK [2][-]{subsection.5.14.2}{\376\377\0005\000.\0001\0004\000.\0002\000\040\000M\000e\000m\000b\000e\000r\000\040\000F\000u\000n\000c\000t\000i\000o\000n\000\040\000D\000o\000c\000u\000m\000e\000n\000t\000a\000t\000i\000o\000n}{section.5.14}% 82
\BOOKMARK [3][-]{subsubsection.5.14.2.1}{\376\377\0005\000.\0001\0004\000.\0002\000.\0001\000\040\000i\000s\000P\000r\000e\000s\000s\000e\000d\000\050\000\051}{subsection.5.14.2}% 83
\BOOKMARK [1][-]{section.5.15}{\376\377\0005\000.\0001\0005\000\040\000R\000o\000m\000i\0003\0002\000U\0004\000B\000u\000t\000t\000o\000n\000C\000\040\000C\000l\000a\000s\000s\000\040\000R\000e\000f\000e\000r\000e\000n\000c\000e}{chapter.5}% 84
\BOOKMARK [2][-]{subsection.5.15.1}{\376\377\0005\000.\0001\0005\000.\0001\000\040\000D\000e\000t\000a\000i\000l\000e\000d\000\040\000D\000e\000s\000c\000r\000i\000p\000t\000i\000o\000n}{section.5.15}% 85
\BOOKMARK [2][-]{subsection.5.15.2}{\376\377\0005\000.\0001\0005\000.\0002\000\040\000M\000e\000m\000b\000e\000r\000\040\000F\000u\000n\000c\000t\000i\000o\000n\000\040\000D\000o\000c\000u\000m\000e\000n\000t\000a\000t\000i\000o\000n}{section.5.15}% 86
\BOOKMARK [3][-]{subsubsection.5.15.2.1}{\376\377\0005\000.\0001\0005\000.\0002\000.\0001\000\040\000i\000s\000P\000r\000e\000s\000s\000e\000d\000\050\000\051}{subsection.5.15.2}% 87
\BOOKMARK [1][-]{section.5.16}{\376\377\0005\000.\0001\0006\000\040\000R\000o\000m\000i\0003\0002\000U\0004\000M\000o\000t\000o\000r\000\040\000C\000l\000a\000s\000s\000\040\000R\000e\000f\000e\000r\000e\000n\000c\000e}{chapter.5}% 88
\BOOKMARK [2][-]{subsection.5.16.1}{\376\377\0005\000.\0001\0006\000.\0001\000\040\000D\000e\000t\000a\000i\000l\000e\000d\000\040\000D\000e\000s\000c\000r\000i\000p\000t\000i\000o\000n}{section.5.16}% 89
\BOOKMARK [2][-]{subsection.5.16.2}{\376\377\0005\000.\0001\0006\000.\0002\000\040\000M\000e\000m\000b\000e\000r\000\040\000F\000u\000n\000c\000t\000i\000o\000n\000\040\000D\000o\000c\000u\000m\000e\000n\000t\000a\000t\000i\000o\000n}{section.5.16}% 90
\BOOKMARK [3][-]{subsubsection.5.16.2.1}{\376\377\0005\000.\0001\0006\000.\0002\000.\0001\000\040\000a\000l\000l\000o\000w\000T\000u\000r\000b\000o\000\050\000\051}{subsection.5.16.2}% 91
\BOOKMARK [3][-]{subsubsection.5.16.2.2}{\376\377\0005\000.\0001\0006\000.\0002\000.\0002\000\040\000c\000a\000l\000c\000E\000n\000c\000o\000d\000e\000r\000D\000e\000l\000t\000a\000\050\000\051}{subsection.5.16.2}% 92
\BOOKMARK [3][-]{subsubsection.5.16.2.3}{\376\377\0005\000.\0001\0006\000.\0002\000.\0003\000\040\000g\000e\000t\000A\000n\000d\000R\000e\000s\000e\000t\000C\000o\000u\000n\000t\000\050\000\051}{subsection.5.16.2}% 93
\BOOKMARK [3][-]{subsubsection.5.16.2.4}{\376\377\0005\000.\0001\0006\000.\0002\000.\0004\000\040\000g\000e\000t\000C\000o\000u\000n\000t\000\050\000\051}{subsection.5.16.2}% 94
\BOOKMARK [3][-]{subsubsection.5.16.2.5}{\376\377\0005\000.\0001\0006\000.\0002\000.\0005\000\040\000h\000a\000n\000d\000l\000e\000I\000S\000R\000\050\000\051}{subsection.5.16.2}% 95
\BOOKMARK [3][-]{subsubsection.5.16.2.6}{\376\377\0005\000.\0001\0006\000.\0002\000.\0006\000\040\000i\000n\000i\000t\000\050\000\051}{subsection.5.16.2}% 96
\BOOKMARK [3][-]{subsubsection.5.16.2.7}{\376\377\0005\000.\0001\0006\000.\0002\000.\0007\000\040\000i\000n\000i\000t\000E\000n\000c\000o\000d\000e\000r\000s\000\050\000\051}{subsection.5.16.2}% 97
\BOOKMARK [3][-]{subsubsection.5.16.2.8}{\376\377\0005\000.\0001\0006\000.\0002\000.\0008\000\040\000i\000n\000i\000t\000M\000o\000t\000o\000r\000s\000\050\000\051}{subsection.5.16.2}% 98
\BOOKMARK [3][-]{subsubsection.5.16.2.9}{\376\377\0005\000.\0001\0006\000.\0002\000.\0009\000\040\000m\000o\000v\000e\000F\000o\000r\000\050\000\051}{subsection.5.16.2}% 99
\BOOKMARK [3][-]{subsubsection.5.16.2.10}{\376\377\0005\000.\0001\0006\000.\0002\000.\0001\0000\000\040\000s\000e\000t\000E\000f\000f\000o\000r\000t\000\050\000\051}{subsection.5.16.2}% 100
\BOOKMARK [3][-]{subsubsection.5.16.2.11}{\376\377\0005\000.\0001\0006\000.\0002\000.\0001\0001\000\040\000s\000e\000t\000T\000a\000r\000g\000e\000t\000S\000p\000e\000e\000d\000\050\000\051}{subsection.5.16.2}% 101
\BOOKMARK [3][-]{subsubsection.5.16.2.12}{\376\377\0005\000.\0001\0006\000.\0002\000.\0001\0002\000\040\000u\000p\000d\000a\000t\000e\000\050\000\051}{subsection.5.16.2}% 102
\BOOKMARK [1][-]{section.5.17}{\376\377\0005\000.\0001\0007\000\040\000S\000e\000r\000v\000o\0003\0002\000U\0004\000\040\000C\000l\000a\000s\000s\000\040\000R\000e\000f\000e\000r\000e\000n\000c\000e}{chapter.5}% 103
\BOOKMARK [1][-]{section.5.18}{\376\377\0005\000.\0001\0008\000\040\000T\000i\000m\000e\000r\000\040\000C\000l\000a\000s\000s\000\040\000R\000e\000f\000e\000r\000e\000n\000c\000e}{chapter.5}% 104
\BOOKMARK [2][-]{subsection.5.18.1}{\376\377\0005\000.\0001\0008\000.\0001\000\040\000C\000o\000n\000s\000t\000r\000u\000c\000t\000o\000r\000\040\000\046\000\040\000D\000e\000s\000t\000r\000u\000c\000t\000o\000r\000\040\000D\000o\000c\000u\000m\000e\000n\000t\000a\000t\000i\000o\000n}{section.5.18}% 105
\BOOKMARK [3][-]{subsubsection.5.18.1.1}{\376\377\0005\000.\0001\0008\000.\0001\000.\0001\000\040\000T\000i\000m\000e\000r\000\050\000\051}{subsection.5.18.1}% 106
\BOOKMARK [2][-]{subsection.5.18.2}{\376\377\0005\000.\0001\0008\000.\0002\000\040\000M\000e\000m\000b\000e\000r\000\040\000F\000u\000n\000c\000t\000i\000o\000n\000\040\000D\000o\000c\000u\000m\000e\000n\000t\000a\000t\000i\000o\000n}{section.5.18}% 107
\BOOKMARK [3][-]{subsubsection.5.18.2.1}{\376\377\0005\000.\0001\0008\000.\0002\000.\0001\000\040\000i\000s\000E\000x\000p\000i\000r\000e\000d\000\050\000\051}{subsection.5.18.2}% 108
\BOOKMARK [3][-]{subsubsection.5.18.2.2}{\376\377\0005\000.\0001\0008\000.\0002\000.\0002\000\040\000r\000e\000s\000e\000t\000\050\000\051\000\040\000[\0001\000/\0002\000]}{subsection.5.18.2}% 109
\BOOKMARK [3][-]{subsubsection.5.18.2.3}{\376\377\0005\000.\0001\0008\000.\0002\000.\0003\000\040\000r\000e\000s\000e\000t\000\050\000\051\000\040\000[\0002\000/\0002\000]}{subsection.5.18.2}% 110
\BOOKMARK [1][-]{section.5.19}{\376\377\0005\000.\0001\0009\000\040\000U\000S\000B\000P\000a\000u\000s\000e\000\040\000C\000l\000a\000s\000s\000\040\000R\000e\000f\000e\000r\000e\000n\000c\000e}{chapter.5}% 111
\BOOKMARK [2][-]{subsection.5.19.1}{\376\377\0005\000.\0001\0009\000.\0001\000\040\000D\000e\000t\000a\000i\000l\000e\000d\000\040\000D\000e\000s\000c\000r\000i\000p\000t\000i\000o\000n}{section.5.19}% 112
\BOOKMARK [1][-]{section.5.20}{\376\377\0005\000.\0002\0000\000\040\000L\000S\000M\0006\000:\000:\000v\000e\000c\000t\000o\000r\000<\000\040\000T\000\040\000>\000\040\000S\000t\000r\000u\000c\000t\000\040\000T\000e\000m\000p\000l\000a\000t\000e\000\040\000R\000e\000f\000e\000r\000e\000n\000c\000e}{chapter.5}% 113
\BOOKMARK [0][-]{chapter.6}{\376\377\0006\000\040\000F\000i\000l\000e\000\040\000D\000o\000c\000u\000m\000e\000n\000t\000a\000t\000i\000o\000n}{}% 114
\BOOKMARK [1][-]{section.6.1}{\376\377\0006\000.\0001\000\040\000C\000h\000a\000s\000s\000i\000s\000.\000h}{chapter.6}% 115
\BOOKMARK [1][-]{section.6.2}{\376\377\0006\000.\0002\000\040\000s\000r\000c\000/\000F\000a\000s\000t\000G\000P\000I\000O\000.\000h\000\040\000F\000i\000l\000e\000\040\000R\000e\000f\000e\000r\000e\000n\000c\000e}{chapter.6}% 116
\BOOKMARK [2][-]{subsection.6.2.1}{\376\377\0006\000.\0002\000.\0001\000\040\000D\000e\000t\000a\000i\000l\000e\000d\000\040\000D\000e\000s\000c\000r\000i\000p\000t\000i\000o\000n}{section.6.2}% 117
\BOOKMARK [1][-]{section.6.3}{\376\377\0006\000.\0003\000\040\000F\000a\000s\000t\000G\000P\000I\000O\000.\000h}{chapter.6}% 118
\BOOKMARK [1][-]{section.6.4}{\376\377\0006\000.\0004\000\040\000i\000r\000\137\000c\000o\000d\000e\000s\000.\000h}{chapter.6}% 119
\BOOKMARK [1][-]{section.6.5}{\376\377\0006\000.\0005\000\040\000I\000R\000d\000e\000c\000o\000d\000e\000r\000.\000h}{chapter.6}% 120
\BOOKMARK [1][-]{section.6.6}{\376\377\0006\000.\0006\000\040\000L\000S\000M\0006\000.\000h}{chapter.6}% 121
\BOOKMARK [1][-]{section.6.7}{\376\377\0006\000.\0007\000\040\000p\000c\000i\000n\000t\000.\000h}{chapter.6}% 122
\BOOKMARK [1][-]{section.6.8}{\376\377\0006\000.\0008\000\040\000P\000I\000D\000c\000o\000n\000t\000r\000o\000l\000l\000e\000r\000.\000h}{chapter.6}% 123
\BOOKMARK [1][-]{section.6.9}{\376\377\0006\000.\0009\000\040\000s\000r\000c\000/\000P\000u\000s\000h\000b\000u\000t\000t\000o\000n\000.\000h\000\040\000F\000i\000l\000e\000\040\000R\000e\000f\000e\000r\000e\000n\000c\000e}{chapter.6}% 124
\BOOKMARK [2][-]{subsection.6.9.1}{\376\377\0006\000.\0009\000.\0001\000\040\000D\000e\000t\000a\000i\000l\000e\000d\000\040\000D\000e\000s\000c\000r\000i\000p\000t\000i\000o\000n}{section.6.9}% 125
\BOOKMARK [2][-]{subsection.6.9.2}{\376\377\0006\000.\0009\000.\0002\000\040\000M\000a\000c\000r\000o\000\040\000D\000e\000f\000i\000n\000i\000t\000i\000o\000n\000\040\000D\000o\000c\000u\000m\000e\000n\000t\000a\000t\000i\000o\000n}{section.6.9}% 126
\BOOKMARK [3][-]{subsubsection.6.9.2.1}{\376\377\0006\000.\0009\000.\0002\000.\0001\000\040\000D\000E\000F\000A\000U\000L\000T\000\137\000S\000T\000A\000T\000E\000\137\000H\000I\000G\000H}{subsection.6.9.2}% 127
\BOOKMARK [3][-]{subsubsection.6.9.2.2}{\376\377\0006\000.\0009\000.\0002\000.\0002\000\040\000D\000E\000F\000A\000U\000L\000T\000\137\000S\000T\000A\000T\000E\000\137\000L\000O\000W}{subsection.6.9.2}% 128
\BOOKMARK [3][-]{subsubsection.6.9.2.3}{\376\377\0006\000.\0009\000.\0002\000.\0003\000\040\000P\000U\000L\000L\000\137\000U\000P\000\137\000D\000I\000S\000A\000B\000L\000E\000D}{subsection.6.9.2}% 129
\BOOKMARK [3][-]{subsubsection.6.9.2.4}{\376\377\0006\000.\0009\000.\0002\000.\0004\000\040\000P\000U\000L\000L\000\137\000U\000P\000\137\000E\000N\000A\000B\000L\000E\000D}{subsection.6.9.2}% 130
\BOOKMARK [3][-]{subsubsection.6.9.2.5}{\376\377\0006\000.\0009\000.\0002\000.\0005\000\040\000Z\000U\000M\000O\000\137\000B\000U\000T\000T\000O\000N}{subsection.6.9.2}% 131
\BOOKMARK [1][-]{section.6.10}{\376\377\0006\000.\0001\0000\000\040\000P\000u\000s\000h\000b\000u\000t\000t\000o\000n\000.\000h}{chapter.6}% 132
\BOOKMARK [1][-]{section.6.11}{\376\377\0006\000.\0001\0001\000\040\000R\000a\000n\000g\000e\000f\000i\000n\000d\000e\000r\000.\000h}{chapter.6}% 133
\BOOKMARK [1][-]{section.6.12}{\376\377\0006\000.\0001\0002\000\040\000s\000r\000c\000/\000R\000o\000m\000i\0003\0002\000U\0004\000.\000h\000\040\000F\000i\000l\000e\000\040\000R\000e\000f\000e\000r\000e\000n\000c\000e}{chapter.6}% 134
\BOOKMARK [2][-]{subsection.6.12.1}{\376\377\0006\000.\0001\0002\000.\0001\000\040\000D\000e\000t\000a\000i\000l\000e\000d\000\040\000D\000e\000s\000c\000r\000i\000p\000t\000i\000o\000n}{section.6.12}% 135
\BOOKMARK [2][-]{subsection.6.12.2}{\376\377\0006\000.\0001\0002\000.\0002\000\040\000F\000u\000n\000c\000t\000i\000o\000n\000\040\000D\000o\000c\000u\000m\000e\000n\000t\000a\000t\000i\000o\000n}{section.6.12}% 136
\BOOKMARK [3][-]{subsubsection.6.12.2.1}{\376\377\0006\000.\0001\0002\000.\0002\000.\0001\000\040\000l\000e\000d\000G\000r\000e\000e\000n\000\050\000\051}{subsection.6.12.2}% 137
\BOOKMARK [3][-]{subsubsection.6.12.2.2}{\376\377\0006\000.\0001\0002\000.\0002\000.\0002\000\040\000l\000e\000d\000R\000e\000d\000\050\000\051}{subsection.6.12.2}% 138
\BOOKMARK [3][-]{subsubsection.6.12.2.3}{\376\377\0006\000.\0001\0002\000.\0002\000.\0003\000\040\000l\000e\000d\000Y\000e\000l\000l\000o\000w\000\050\000\051}{subsection.6.12.2}% 139
\BOOKMARK [3][-]{subsubsection.6.12.2.4}{\376\377\0006\000.\0001\0002\000.\0002\000.\0004\000\040\000r\000e\000a\000d\000B\000a\000t\000t\000e\000r\000y\000M\000i\000l\000l\000i\000v\000o\000l\000t\000s\000\050\000\051}{subsection.6.12.2}% 140
\BOOKMARK [3][-]{subsubsection.6.12.2.5}{\376\377\0006\000.\0001\0002\000.\0002\000.\0005\000\040\000u\000s\000b\000P\000o\000w\000e\000r\000P\000r\000e\000s\000e\000n\000t\000\050\000\051}{subsection.6.12.2}% 141
\BOOKMARK [1][-]{section.6.13}{\376\377\0006\000.\0001\0003\000\040\000R\000o\000m\000i\0003\0002\000U\0004\000.\000h}{chapter.6}% 142
\BOOKMARK [1][-]{section.6.14}{\376\377\0006\000.\0001\0004\000\040\000s\000r\000c\000/\000R\000o\000m\000i\0003\0002\000U\0004\000B\000u\000t\000t\000o\000n\000s\000.\000h\000\040\000F\000i\000l\000e\000\040\000R\000e\000f\000e\000r\000e\000n\000c\000e}{chapter.6}% 143
\BOOKMARK [2][-]{subsection.6.14.1}{\376\377\0006\000.\0001\0004\000.\0001\000\040\000M\000a\000c\000r\000o\000\040\000D\000e\000f\000i\000n\000i\000t\000i\000o\000n\000\040\000D\000o\000c\000u\000m\000e\000n\000t\000a\000t\000i\000o\000n}{section.6.14}% 144
\BOOKMARK [3][-]{subsubsection.6.14.1.1}{\376\377\0006\000.\0001\0004\000.\0001\000.\0001\000\040\000R\000O\000M\000I\000\137\0003\0002\000U\0004\000\137\000B\000U\000T\000T\000O\000N\000\137\000A}{subsection.6.14.1}% 145
\BOOKMARK [3][-]{subsubsection.6.14.1.2}{\376\377\0006\000.\0001\0004\000.\0001\000.\0002\000\040\000R\000O\000M\000I\000\137\0003\0002\000U\0004\000\137\000B\000U\000T\000T\000O\000N\000\137\000B}{subsection.6.14.1}% 146
\BOOKMARK [3][-]{subsubsection.6.14.1.3}{\376\377\0006\000.\0001\0004\000.\0001\000.\0003\000\040\000R\000O\000M\000I\000\137\0003\0002\000U\0004\000\137\000B\000U\000T\000T\000O\000N\000\137\000C}{subsection.6.14.1}% 147
\BOOKMARK [1][-]{section.6.15}{\376\377\0006\000.\0001\0005\000\040\000R\000o\000m\000i\0003\0002\000U\0004\000B\000u\000t\000t\000o\000n\000s\000.\000h}{chapter.6}% 148
\BOOKMARK [1][-]{section.6.16}{\376\377\0006\000.\0001\0006\000\040\000s\000r\000c\000/\000R\000o\000m\000i\0003\0002\000U\0004\000E\000n\000c\000o\000d\000e\000r\000s\000.\000h\000\040\000F\000i\000l\000e\000\040\000R\000e\000f\000e\000r\000e\000n\000c\000e}{chapter.6}% 149
\BOOKMARK [1][-]{section.6.17}{\376\377\0006\000.\0001\0007\000\040\000R\000o\000m\000i\0003\0002\000U\0004\000E\000n\000c\000o\000d\000e\000r\000s\000.\000h}{chapter.6}% 150
\BOOKMARK [1][-]{section.6.18}{\376\377\0006\000.\0001\0008\000\040\000s\000r\000c\000/\000R\000o\000m\000i\0003\0002\000U\0004\000M\000o\000t\000o\000r\000s\000.\000h\000\040\000F\000i\000l\000e\000\040\000R\000e\000f\000e\000r\000e\000n\000c\000e}{chapter.6}% 151
\BOOKMARK [1][-]{section.6.19}{\376\377\0006\000.\0001\0009\000\040\000R\000o\000m\000i\0003\0002\000U\0004\000M\000o\000t\000o\000r\000s\000.\000h}{chapter.6}% 152
\BOOKMARK [1][-]{section.6.20}{\376\377\0006\000.\0002\0000\000\040\000s\000e\000r\000v\000o\0003\0002\000u\0004\000.\000h}{chapter.6}% 153
\BOOKMARK [1][-]{section.6.21}{\376\377\0006\000.\0002\0001\000\040\000T\000i\000m\000e\000r\000.\000h}{chapter.6}% 154
\BOOKMARK [1][-]{section.6.22}{\376\377\0006\000.\0002\0002\000\040\000s\000r\000c\000/\000U\000S\000B\000P\000a\000u\000s\000e\000.\000h\000\040\000F\000i\000l\000e\000\040\000R\000e\000f\000e\000r\000e\000n\000c\000e}{chapter.6}% 155
\BOOKMARK [2][-]{subsection.6.22.1}{\376\377\0006\000.\0002\0002\000.\0001\000\040\000D\000e\000t\000a\000i\000l\000e\000d\000\040\000D\000e\000s\000c\000r\000i\000p\000t\000i\000o\000n}{section.6.22}% 156
\BOOKMARK [1][-]{section.6.23}{\376\377\0006\000.\0002\0003\000\040\000U\000S\000B\000P\000a\000u\000s\000e\000.\000h}{chapter.6}% 157
\BOOKMARK [1][-]{section.6.24}{\376\377\0006\000.\0002\0004\000\040\000w\000p\000i\000-\0003\0002\000u\0004\000-\000l\000i\000b\000.\000h}{chapter.6}% 158
